[INFO] [server] server is opened at port 8080
[INFO] [remote] found lan server 10.6.46.3:8080, trying to connect now.
[INFO] [server] server has connected remote 186c291694c597f454c1c3c855b0b7a9
[INFO] [remote] successfully connected to 10.6.46.3:8080
[INFO] 1.500000
[INFO] 2.500000
[INFO] 3.500000
[INFO] 1.500000
[INFO] 2.500000
[INFO] 3.500000
[INFO] 1.500000
[INFO] 2.500000
[INFO] 3.500000
[INFO] 1.500000
[INFO] 2.500000
[INFO] 3.500000
[INFO] 1.500000
[INFO] 2.500000
[INFO] 3.500000
[INFO] 1.500000
[INFO] 2.500000
[INFO] 3.500000
[INFO] 1.500000
[INFO] 2.500000
[INFO] 3.500000
[INFO] 1.500000
[INFO] 2.500000
[INFO] 3.500000
[INFO] 1.500000
[INFO] 2.500000
[INFO] 3.500000
[INFO] 1.500000
[INFO] 2.500000
[INFO] 3.500000
[INFO] 1.500000
[INFO] 2.500000
[INFO] 3.500000
[INFO] 1.500000
[INFO] 2.500000
[INFO] 3.500000
[INFO] 1.500000
[INFO] 2.500000
[INFO] 3.500000
[INFO] 1.500000
[INFO] 2.500000
[INFO] 3.500000
[INFO] 1.500000
[INFO] 2.500000
[INFO] 3.500000
[INFO] 1.500000
[INFO] 2.500000
[INFO] 3.500000
[INFO] 1.500000
[INFO] 2.500000
[INFO] 3.500000
[INFO] 1.500000
[INFO] 2.500000
[INFO] 3.500000
[INFO] 1.500000
[INFO] 2.500000
[INFO] 3.500000
[INFO] 1.500000
[INFO] 2.500000
[INFO] 3.500000
[INFO] 1.500000
[INFO] 2.500000
[INFO] 3.500000
